<?xml version="1.0" encoding="UTF-8"?>
<testng-results ignored="0" total="1" passed="1" failed="0" skipped="0">
  <reporter-output>
  </reporter-output>
  <suite started-at="2022-03-23T15:57:43 IST" name="Default suite" finished-at="2022-03-23T15:58:03 IST" duration-ms="19746">
    <groups>
    </groups>
    <test started-at="2022-03-23T15:57:43 IST" name="Default test" finished-at="2022-03-23T15:58:03 IST" duration-ms="19746">
      <class name="testpackage.TestClass">
        <test-method is-config="true" signature="openDriver()[pri:0, instance:testpackage.TestClass@6b927fb]" started-at="2022-03-23T15:57:43 IST" name="openDriver" finished-at="2022-03-23T15:57:59 IST" duration-ms="15785" status="PASS">
          <reporter-output>
          </reporter-output>
        </test-method> <!-- openDriver -->
        <test-method signature="login345(java.lang.String,java.lang.String)[pri:0, instance:testpackage.TestClass@6b927fb]" started-at="2022-03-23T15:58:00 IST" name="login345" data-provider="LoginData" finished-at="2022-03-23T15:58:01 IST" duration-ms="700" status="PASS">
          <params>
            <param index="0">
              <value>
                <![CDATA[Hello]]>
              </value>
            </param>
            <param index="1">
              <value>
                <![CDATA[Hi]]>
              </value>
            </param>
          </params>
          <reporter-output>
          </reporter-output>
        </test-method> <!-- login345 -->
        <test-method is-config="true" signature="closeDriver()[pri:0, instance:testpackage.TestClass@6b927fb]" started-at="2022-03-23T15:58:01 IST" name="closeDriver" finished-at="2022-03-23T15:58:03 IST" duration-ms="1539" status="PASS">
          <reporter-output>
          </reporter-output>
        </test-method> <!-- closeDriver -->
      </class> <!-- testpackage.TestClass -->
    </test> <!-- Default test -->
  </suite> <!-- Default suite -->
</testng-results>
