<?xml version="1.0" encoding="UTF-8"?>
<testng-results ignored="0" total="2" passed="2" failed="0" skipped="0">
  <reporter-output>
  </reporter-output>
  <suite started-at="2022-02-10T12:58:41 IST" name="Default suite" finished-at="2022-02-10T12:58:46 IST" duration-ms="5334">
    <groups>
    </groups>
    <test started-at="2022-02-10T12:58:41 IST" name="Default test" finished-at="2022-02-10T12:58:46 IST" duration-ms="5334">
      <class name="test.TestCase1">
        <test-method is-config="true" signature="openDriver()[pri:0, instance:test.TestCase1@7ce3cb8e]" started-at="2022-02-10T12:58:27 IST" name="openDriver" finished-at="2022-02-10T12:58:41 IST" duration-ms="13872" status="PASS">
          <reporter-output>
          </reporter-output>
        </test-method> <!-- openDriver -->
        <test-method signature="SS1()[pri:0, instance:test.TestCase1@7ce3cb8e]" started-at="2022-02-10T12:58:41 IST" name="SS1" finished-at="2022-02-10T12:58:44 IST" duration-ms="3360" status="PASS">
          <reporter-output>
          </reporter-output>
        </test-method> <!-- SS1 -->
        <test-method signature="SS2()[pri:1, instance:test.TestCase1@7ce3cb8e]" started-at="2022-02-10T12:58:44 IST" name="SS2" finished-at="2022-02-10T12:58:46 IST" duration-ms="1911" status="PASS">
          <reporter-output>
          </reporter-output>
        </test-method> <!-- SS2 -->
        <test-method is-config="true" signature="closeDriver()[pri:0, instance:test.TestCase1@7ce3cb8e]" started-at="2022-02-10T12:58:46 IST" name="closeDriver" finished-at="2022-02-10T12:58:47 IST" duration-ms="1105" status="PASS">
          <reporter-output>
          </reporter-output>
        </test-method> <!-- closeDriver -->
      </class> <!-- test.TestCase1 -->
    </test> <!-- Default test -->
  </suite> <!-- Default suite -->
</testng-results>
